<?xml version="1.0" encoding="UTF-8"?>
<beans xmlns="http://www.springframework.org/schema/beans"
       xmlns:xsi="http://www.w3.org/2001/XMLSchema-instance"
       xsi:schemaLocation="http://www.springframework.org/schema/beans
       http://www.springframework.org/schema/beans/spring-beans.xsd">


    <bean id="testBO" class="com.sample.springboot.TestBO">
        <property name="keyObjOne" value="$>>T{jdbc.url}"/>
        <property name="abString" value="$>>F{jdbc.url}"/>
        <property name="keyObjTwo" value="$>>{jdbc.url}"/>
        <property name="keyObj" value="${jdbc.url}"/>
    </bean>

</beans>